Determining if the pthread_create exist failed with the following output:
Change Dir: /home/apc16/APC 2016/mario_catkin_workspace/stowing/build/CMakeFiles/CMakeTmp

Run Build Command:/usr/bin/make "cmTryCompileExec2738087394/fast"
/usr/bin/make -f CMakeFiles/cmTryCompileExec2738087394.dir/build.make CMakeFiles/cmTryCompileExec2738087394.dir/build
make[1]: Entering directory `/home/apc16/APC 2016/mario_catkin_workspace/stowing/build/CMakeFiles/CMakeTmp'
/usr/bin/cmake -E cmake_progress_report "/home/apc16/APC 2016/mario_catkin_workspace/stowing/build/CMakeFiles/CMakeTmp/CMakeFiles" 1
Building C object CMakeFiles/cmTryCompileExec2738087394.dir/CheckSymbolExists.c.o
/usr/bin/cc    -o CMakeFiles/cmTryCompileExec2738087394.dir/CheckSymbolExists.c.o   -c "/home/apc16/APC 2016/mario_catkin_workspace/stowing/build/CMakeFiles/CMakeTmp/CheckSymbolExists.c"
Linking C executable cmTryCompileExec2738087394
/usr/bin/cmake -E cmake_link_script CMakeFiles/cmTryCompileExec2738087394.dir/link.txt --verbose=1
/usr/bin/cc       CMakeFiles/cmTryCompileExec2738087394.dir/CheckSymbolExists.c.o  -o cmTryCompileExec2738087394 -rdynamic 
CMakeFiles/cmTryCompileExec2738087394.dir/CheckSymbolExists.c.o: In function `main':
CheckSymbolExists.c:(.text+0x16): undefined reference to `pthread_create'
collect2: error: ld returned 1 exit status
make[1]: Leaving directory `/home/apc16/APC 2016/mario_catkin_workspace/stowing/build/CMakeFiles/CMakeTmp'
make[1]: *** [cmTryCompileExec2738087394] Error 1
make: *** [cmTryCompileExec2738087394/fast] Error 2

File /home/apc16/APC 2016/mario_catkin_workspace/stowing/build/CMakeFiles/CMakeTmp/CheckSymbolExists.c:
/* */
#include <pthread.h>

int main(int argc, char** argv)
{
  (void)argv;
#ifndef pthread_create
  return ((int*)(&pthread_create))[argc];
#else
  (void)argc;
  return 0;
#endif
}

Determining if the function pthread_create exists in the pthreads failed with the following output:
Change Dir: /home/apc16/APC 2016/mario_catkin_workspace/stowing/build/CMakeFiles/CMakeTmp

Run Build Command:/usr/bin/make "cmTryCompileExec1946351438/fast"
/usr/bin/make -f CMakeFiles/cmTryCompileExec1946351438.dir/build.make CMakeFiles/cmTryCompileExec1946351438.dir/build
make[1]: Entering directory `/home/apc16/APC 2016/mario_catkin_workspace/stowing/build/CMakeFiles/CMakeTmp'
/usr/bin/cmake -E cmake_progress_report "/home/apc16/APC 2016/mario_catkin_workspace/stowing/build/CMakeFiles/CMakeTmp/CMakeFiles" 1
Building C object CMakeFiles/cmTryCompileExec1946351438.dir/CheckFunctionExists.c.o
/usr/bin/cc   -DCHECK_FUNCTION_EXISTS=pthread_create   -o CMakeFiles/cmTryCompileExec1946351438.dir/CheckFunctionExists.c.o   -c /usr/share/cmake-2.8/Modules/CheckFunctionExists.c
Linking C executable cmTryCompileExec1946351438
/usr/bin/cmake -E cmake_link_script CMakeFiles/cmTryCompileExec1946351438.dir/link.txt --verbose=1
/usr/bin/cc   -DCHECK_FUNCTION_EXISTS=pthread_create    CMakeFiles/cmTryCompileExec1946351438.dir/CheckFunctionExists.c.o  -o cmTryCompileExec1946351438 -rdynamic -lpthreads 
/usr/bin/ld: cannot find -lpthreads
collect2: error: ld returned 1 exit status
make[1]: Leaving directory `/home/apc16/APC 2016/mario_catkin_workspace/stowing/build/CMakeFiles/CMakeTmp'
make[1]: *** [cmTryCompileExec1946351438] Error 1
make: *** [cmTryCompileExec1946351438/fast] Error 2


